2021-08-20 09:53:29.389  INFO 30540 --- [main] c.lucaticket.clientes.BancoApplication   : Starting BancoApplication using Java 16.0.1 on DESKTOP-P9GKM3T with PID 30540 (C:\Users\David\Documents\lucaticket\Banco\target\classes started by David in C:\Users\David\Documents\lucaticket\Banco)
2021-08-20 09:53:29.392  INFO 30540 --- [main] c.lucaticket.clientes.BancoApplication   : No active profile set, falling back to default profiles: default
2021-08-20 09:53:29.887  INFO 30540 --- [main] .s.d.r.c.RepositoryConfigurationDelegate : Bootstrapping Spring Data JPA repositories in DEFAULT mode.
2021-08-20 09:53:29.997  INFO 30540 --- [main] .s.d.r.c.RepositoryConfigurationDelegate : Finished Spring Data repository scanning in 104 ms. Found 1 JPA repository interfaces.
2021-08-20 09:53:30.176  INFO 30540 --- [main] o.s.cloud.context.scope.GenericScope     : BeanFactory id=fb6a56f4-3d4b-3e35-8286-8b596e82d832
2021-08-20 09:53:30.454  INFO 30540 --- [main] o.s.b.w.embedded.tomcat.TomcatWebServer  : Tomcat initialized with port(s): 2223 (http)
2021-08-20 09:53:30.462  INFO 30540 --- [main] o.apache.catalina.core.StandardService   : Starting service [Tomcat]
2021-08-20 09:53:30.463  INFO 30540 --- [main] org.apache.catalina.core.StandardEngine  : Starting Servlet engine: [Apache Tomcat/9.0.50]
2021-08-20 09:53:30.574  INFO 30540 --- [main] o.a.c.c.C.[Tomcat].[localhost].[/]       : Initializing Spring embedded WebApplicationContext
2021-08-20 09:53:30.574  INFO 30540 --- [main] w.s.c.ServletWebServerApplicationContext : Root WebApplicationContext: initialization completed in 1154 ms
2021-08-20 09:53:30.658  INFO 30540 --- [main] com.zaxxer.hikari.HikariDataSource       : HikariPool-1 - Starting...
2021-08-20 09:53:30.772  INFO 30540 --- [main] com.zaxxer.hikari.HikariDataSource       : HikariPool-1 - Start completed.
2021-08-20 09:53:30.807  INFO 30540 --- [main] o.hibernate.jpa.internal.util.LogHelper  : HHH000204: Processing PersistenceUnitInfo [name: default]
2021-08-20 09:53:30.842  INFO 30540 --- [main] org.hibernate.Version                    : HHH000412: Hibernate ORM core version 5.4.32.Final
2021-08-20 09:53:30.943  INFO 30540 --- [main] o.hibernate.annotations.common.Version   : HCANN000001: Hibernate Commons Annotations {5.1.2.Final}
2021-08-20 09:53:31.027  INFO 30540 --- [main] org.hibernate.dialect.Dialect            : HHH000400: Using dialect: org.hibernate.dialect.MySQL5Dialect
2021-08-20 09:53:31.450  INFO 30540 --- [main] o.h.e.t.j.p.i.JtaPlatformInitiator       : HHH000490: Using JtaPlatform implementation: [org.hibernate.engine.transaction.jta.platform.internal.NoJtaPlatform]
2021-08-20 09:53:31.457  INFO 30540 --- [main] j.LocalContainerEntityManagerFactoryBean : Initialized JPA EntityManagerFactory for persistence unit 'default'
2021-08-20 09:53:31.486  WARN 30540 --- [main] JpaBaseConfiguration$JpaWebConfiguration : spring.jpa.open-in-view is enabled by default. Therefore, database queries may be performed during view rendering. Explicitly configure spring.jpa.open-in-view to disable this warning
2021-08-20 09:53:31.906  INFO 30540 --- [main] o.s.s.web.DefaultSecurityFilterChain     : Will secure any request with [org.springframework.security.web.context.request.async.WebAsyncManagerIntegrationFilter@6094ad4, org.springframework.security.web.context.SecurityContextPersistenceFilter@66a50c93, org.springframework.security.web.header.HeaderWriterFilter@2a5ed225, org.springframework.web.filter.CorsFilter@3986b9e9, org.springframework.security.web.authentication.logout.LogoutFilter@53153d5e, org.springframework.security.web.authentication.www.BasicAuthenticationFilter@73b10975, org.springframework.security.web.savedrequest.RequestCacheAwareFilter@4d6027be, org.springframework.security.web.servletapi.SecurityContextHolderAwareRequestFilter@4c8afba, org.springframework.security.web.authentication.AnonymousAuthenticationFilter@6ddbbfbb, org.springframework.security.web.session.SessionManagementFilter@5c194652, org.springframework.security.web.access.ExceptionTranslationFilter@10e4ce98, org.springframework.security.web.access.intercept.FilterSecurityInterceptor@3b764e66]
2021-08-20 09:53:33.145  INFO 30540 --- [main] o.s.cloud.commons.util.InetUtils         : Cannot determine local hostname
2021-08-20 09:53:33.177  INFO 30540 --- [main] DiscoveryClientOptionalArgsConfiguration : Eureka HTTP Client uses RestTemplate.
2021-08-20 09:53:34.290  INFO 30540 --- [main] o.s.cloud.commons.util.InetUtils         : Cannot determine local hostname
2021-08-20 09:53:34.337  WARN 30540 --- [main] iguration$LoadBalancerCaffeineWarnLogger : Spring Cloud LoadBalancer is currently working with the default cache. You can switch to using Caffeine cache, by adding it and org.springframework.cache.caffeine.CaffeineCacheManager to the classpath.
2021-08-20 09:53:34.425  INFO 30540 --- [main] o.s.c.n.eureka.InstanceInfoFactory       : Setting initial instance status as: STARTING
2021-08-20 09:53:34.463  INFO 30540 --- [main] com.netflix.discovery.DiscoveryClient    : Initializing Eureka in region us-east-1
2021-08-20 09:53:34.469  INFO 30540 --- [main] c.n.d.s.r.aws.ConfigClusterResolver      : Resolving eureka endpoints via configuration
2021-08-20 09:53:34.493  INFO 30540 --- [main] com.netflix.discovery.DiscoveryClient    : Disable delta property : false
2021-08-20 09:53:34.495  INFO 30540 --- [main] com.netflix.discovery.DiscoveryClient    : Single vip registry refresh property : null
2021-08-20 09:53:34.495  INFO 30540 --- [main] com.netflix.discovery.DiscoveryClient    : Force full registry fetch : false
2021-08-20 09:53:34.495  INFO 30540 --- [main] com.netflix.discovery.DiscoveryClient    : Application is null : false
2021-08-20 09:53:34.495  INFO 30540 --- [main] com.netflix.discovery.DiscoveryClient    : Registered Applications size is zero : true
2021-08-20 09:53:34.496  INFO 30540 --- [main] com.netflix.discovery.DiscoveryClient    : Application version is -1: true
2021-08-20 09:53:34.497  INFO 30540 --- [main] com.netflix.discovery.DiscoveryClient    : Getting all instance registry info from the eureka server
2021-08-20 09:53:34.748  INFO 30540 --- [main] com.netflix.discovery.DiscoveryClient    : The response status is 200
2021-08-20 09:53:34.753  INFO 30540 --- [main] com.netflix.discovery.DiscoveryClient    : Starting heartbeat executor: renew interval is: 30
2021-08-20 09:53:34.758  INFO 30540 --- [main] c.n.discovery.InstanceInfoReplicator     : InstanceInfoReplicator onDemand update allowed rate per min is 4
2021-08-20 09:53:34.768  INFO 30540 --- [main] com.netflix.discovery.DiscoveryClient    : Discovery Client initialized at timestamp 1629446014767 with initial instances count: 0
2021-08-20 09:53:34.769  INFO 30540 --- [main] o.s.c.n.e.s.EurekaServiceRegistry        : Registering application LUCA-BANCO with eureka with status UP
2021-08-20 09:53:34.769  INFO 30540 --- [main] com.netflix.discovery.DiscoveryClient    : Saw local status change event StatusChangeEvent [timestamp=1629446014769, current=UP, previous=STARTING]
2021-08-20 09:53:34.773  INFO 30540 --- [DiscoveryClient-InstanceInfoReplicator-0] com.netflix.discovery.DiscoveryClient    : DiscoveryClient_LUCA-BANCO/localhost:luca-banco:2223: registering service...
2021-08-20 09:53:34.798  INFO 30540 --- [main] o.s.b.w.embedded.tomcat.TomcatWebServer  : Tomcat started on port(s): 2223 (http) with context path ''
2021-08-20 09:53:34.798  INFO 30540 --- [main] .s.c.n.e.s.EurekaAutoServiceRegistration : Updating port to 2223
2021-08-20 09:53:34.802  INFO 30540 --- [DiscoveryClient-InstanceInfoReplicator-0] com.netflix.discovery.DiscoveryClient    : DiscoveryClient_LUCA-BANCO/localhost:luca-banco:2223 - registration status: 204
2021-08-20 09:53:35.887  INFO 30540 --- [main] o.s.cloud.commons.util.InetUtils         : Cannot determine local hostname
2021-08-20 09:53:35.897  INFO 30540 --- [main] c.lucaticket.clientes.BancoApplication   : Started BancoApplication in 7.909 seconds (JVM running for 8.497)
2021-08-20 09:54:04.753  INFO 30540 --- [DiscoveryClient-CacheRefreshExecutor-0] com.netflix.discovery.DiscoveryClient    : Disable delta property : false
2021-08-20 09:54:04.755  INFO 30540 --- [DiscoveryClient-CacheRefreshExecutor-0] com.netflix.discovery.DiscoveryClient    : Single vip registry refresh property : null
2021-08-20 09:54:04.758  INFO 30540 --- [DiscoveryClient-CacheRefreshExecutor-0] com.netflix.discovery.DiscoveryClient    : Force full registry fetch : false
2021-08-20 09:54:04.758  INFO 30540 --- [DiscoveryClient-CacheRefreshExecutor-0] com.netflix.discovery.DiscoveryClient    : Application is null : false
2021-08-20 09:54:04.760  INFO 30540 --- [DiscoveryClient-CacheRefreshExecutor-0] com.netflix.discovery.DiscoveryClient    : Registered Applications size is zero : true
2021-08-20 09:54:04.760  INFO 30540 --- [DiscoveryClient-CacheRefreshExecutor-0] com.netflix.discovery.DiscoveryClient    : Application version is -1: false
2021-08-20 09:54:04.761  INFO 30540 --- [DiscoveryClient-CacheRefreshExecutor-0] com.netflix.discovery.DiscoveryClient    : Getting all instance registry info from the eureka server
2021-08-20 09:54:04.768  INFO 30540 --- [DiscoveryClient-CacheRefreshExecutor-0] com.netflix.discovery.DiscoveryClient    : The response status is 200
